<?xml version="1.0" encoding="UTF-8"?>
<testng-results ignored="4" total="7" passed="3" failed="0" skipped="0">
  <reporter-output>
  </reporter-output>
  <suite started-at="2024-04-29T23:08:44 BDT" name="Suite" finished-at="2024-04-29T23:11:40 BDT" duration-ms="176453">
    <groups>
    </groups>
    <test started-at="2024-04-29T23:08:44 BDT" name="Test" finished-at="2024-04-29T23:11:40 BDT" duration-ms="176453">
      <class name="test.FrontPageTest">
        <test-method is-config="true" signature="openUrl()[pri:0, instance:test.FrontPageTest@1d2adfbe]" started-at="2024-04-29T23:10:54 BDT" name="openUrl" finished-at="2024-04-29T23:11:00 BDT" duration-ms="5200" status="PASS">
          <reporter-output>
          </reporter-output>
        </test-method> <!-- openUrl -->
        <test-method signature="FrontPage()[pri:2, instance:test.FrontPageTest@1d2adfbe]" started-at="2024-04-29T23:11:00 BDT" name="FrontPage" finished-at="2024-04-29T23:11:40 BDT" duration-ms="40588" status="PASS">
          <reporter-output>
          </reporter-output>
        </test-method> <!-- FrontPage -->
      </class> <!-- test.FrontPageTest -->
      <class name="test.Dashboardtest">
        <test-method is-config="true" signature="start()[pri:0, instance:test.Dashboardtest@478190fc]" started-at="2024-04-29T23:08:42 BDT" name="start" finished-at="2024-04-29T23:08:44 BDT" duration-ms="1497" status="PASS">
          <reporter-output>
          </reporter-output>
        </test-method> <!-- start -->
        <test-method is-config="true" signature="openUrl()[pri:0, instance:test.Dashboardtest@478190fc]" started-at="2024-04-29T23:08:44 BDT" name="openUrl" finished-at="2024-04-29T23:09:05 BDT" duration-ms="20969" status="PASS">
          <reporter-output>
          </reporter-output>
        </test-method> <!-- openUrl -->
        <test-method signature="Dashboard()[pri:0, instance:test.Dashboardtest@478190fc]" started-at="2024-04-29T23:09:05 BDT" name="Dashboard" finished-at="2024-04-29T23:10:31 BDT" duration-ms="86435" status="PASS">
          <reporter-output>
          </reporter-output>
        </test-method> <!-- Dashboard -->
        <test-method is-config="true" signature="close()[pri:0, instance:test.Dashboardtest@478190fc]" started-at="2024-04-29T23:11:40 BDT" name="close" finished-at="2024-04-29T23:11:41 BDT" duration-ms="346" status="PASS">
          <reporter-output>
          </reporter-output>
        </test-method> <!-- close -->
      </class> <!-- test.Dashboardtest -->
      <class name="test.SearchTest">
        <test-method is-config="true" signature="openUrl()[pri:0, instance:test.SearchTest@49ec71f8]" started-at="2024-04-29T23:10:31 BDT" name="openUrl" finished-at="2024-04-29T23:10:37 BDT" duration-ms="5888" status="PASS">
          <reporter-output>
          </reporter-output>
        </test-method> <!-- openUrl -->
        <test-method signature="SearchPage()[pri:1, instance:test.SearchTest@49ec71f8]" started-at="2024-04-29T23:10:37 BDT" name="SearchPage" finished-at="2024-04-29T23:10:54 BDT" duration-ms="17337" status="PASS">
          <reporter-output>
          </reporter-output>
        </test-method> <!-- SearchPage -->
      </class> <!-- test.SearchTest -->
    </test> <!-- Test -->
  </suite> <!-- Suite -->
</testng-results>
